0 info it worked if it ends with ok
1 verbose cli [ '/usr/bin/nodejs', '/usr/bin/npm', 'run', 'run' ]
2 info using npm@3.5.2
3 info using node@v4.2.6
4 verbose run-script [ 'prerun', 'run', 'postrun' ]
5 info lifecycle thepolitewaylearntocpp17@1.0.0~prerun: thepolitewaylearntocpp17@1.0.0
6 silly lifecycle thepolitewaylearntocpp17@1.0.0~prerun: no script for prerun, continuing
7 info lifecycle thepolitewaylearntocpp17@1.0.0~run: thepolitewaylearntocpp17@1.0.0
8 verbose lifecycle thepolitewaylearntocpp17@1.0.0~run: unsafe-perm in lifecycle true
9 verbose lifecycle thepolitewaylearntocpp17@1.0.0~run: PATH: /usr/share/npm/bin/node-gyp-bin:/home/oyui/Documents/src/cpp/ThePoliteWayLearnToCpp17/tools/math_formula/node_modules/.bin:/usr/bin:/bin:/usr/sbin:/sbin:/usr/local/bin:/opt/X11/bin:/home/oyui/.antigen/bundles/zsh-users/zsh-syntax-highlighting:/home/oyui/.antigen/bundles/zsh-users/zsh-completions
10 verbose lifecycle thepolitewaylearntocpp17@1.0.0~run: CWD: /home/oyui/Documents/src/cpp/ThePoliteWayLearnToCpp17/tools/math_formula
11 silly lifecycle thepolitewaylearntocpp17@1.0.0~run: Args: [ '-c', 'node ./dist/main.js' ]
12 silly lifecycle thepolitewaylearntocpp17@1.0.0~run: Returned: code: 1  signal: null
13 info lifecycle thepolitewaylearntocpp17@1.0.0~run: Failed to exec run script
14 verbose stack Error: thepolitewaylearntocpp17@1.0.0 run: `node ./dist/main.js`
14 verbose stack Exit status 1
14 verbose stack     at EventEmitter.<anonymous> (/usr/share/npm/lib/utils/lifecycle.js:232:16)
14 verbose stack     at emitTwo (events.js:87:13)
14 verbose stack     at EventEmitter.emit (events.js:172:7)
14 verbose stack     at ChildProcess.<anonymous> (/usr/share/npm/lib/utils/spawn.js:24:14)
14 verbose stack     at emitTwo (events.js:87:13)
14 verbose stack     at ChildProcess.emit (events.js:172:7)
14 verbose stack     at maybeClose (internal/child_process.js:821:16)
14 verbose stack     at Process.ChildProcess._handle.onexit (internal/child_process.js:211:5)
15 verbose pkgid thepolitewaylearntocpp17@1.0.0
16 verbose cwd /home/oyui/Documents/src/cpp/ThePoliteWayLearnToCpp17/tools/math_formula
17 error Linux 4.4.0-139-generic
18 error argv "/usr/bin/nodejs" "/usr/bin/npm" "run" "run"
19 error node v4.2.6
20 error npm  v3.5.2
21 error code ELIFECYCLE
22 error thepolitewaylearntocpp17@1.0.0 run: `node ./dist/main.js`
22 error Exit status 1
23 error Failed at the thepolitewaylearntocpp17@1.0.0 run script 'node ./dist/main.js'.
23 error Make sure you have the latest version of node.js and npm installed.
23 error If you do, this is most likely a problem with the thepolitewaylearntocpp17 package,
23 error not with npm itself.
23 error Tell the author that this fails on your system:
23 error     node ./dist/main.js
23 error You can get information on how to open an issue for this project with:
23 error     npm bugs thepolitewaylearntocpp17
23 error Or if that isn't available, you can get their info via:
23 error     npm owner ls thepolitewaylearntocpp17
23 error There is likely additional logging output above.
24 verbose exit [ 1, true ]
